<?xml version="1.0" encoding="UTF-8"?>
<!-- Generated by org.testng.reporters.JUnitReportReporter -->
<testsuite hostname="DESKTOP-6HC98L9" failures="0" tests="2" name="com.AppTest" time="0.057" errors="0" timestamp="2025-03-28T00:22:42 IST" skipped="0">
  <testcase classname="com.AppTest" name="anotherTestExample" time="0.048"/>
  <testcase classname="com.AppTest" name="testExample" time="0.009"/>
</testsuite> <!-- com.AppTest -->
